{
  "numFailedTestSuites": 0,
  "numFailedTests": 0,
  "numPassedTestSuites": 2,
  "numPassedTests": 10,
  "numPendingTestSuites": 0,
  "numPendingTests": 0,
  "numRuntimeErrorTestSuites": 0,
  "numTodoTests": 0,
  "numTotalTestSuites": 2,
  "numTotalTests": 10,
  "openHandles": [],
  "snapshot": {
    "added": 0,
    "didUpdate": false,
    "failure": false,
    "filesAdded": 0,
    "filesRemoved": 0,
    "filesRemovedList": [],
    "filesUnmatched": 0,
    "filesUpdated": 0,
    "matched": 0,
    "total": 0,
    "unchecked": 0,
    "uncheckedKeysByFile": [],
    "unmatched": 0,
    "updated": 0
  },
  "startTime": 1746851207978,
  "success": false,
  "testResults": [
    {
      "leaks": false,
      "numFailingTests": 0,
      "numPassingTests": 5,
      "numPendingTests": 0,
      "numTodoTests": 0,
      "openHandles": [],
      "perfStats": {
        "end": 1746851211876,
        "runtime": 1729,
        "slow": false,
        "start": 1746851210147
      },
      "skipped": false,
      "snapshot": {
        "added": 0,
        "fileDeleted": false,
        "matched": 0,
        "unchecked": 0,
        "uncheckedKeys": [],
        "unmatched": 0,
        "updated": 0
      },
      "testFilePath": "E:\\DailyDiet3\\daily-diet-api\\src\\__tests__\\unit\\meal-validation.spec.ts",
      "testResults": [
        {
          "ancestorTitles": [
            "Validação de Refeição"
          ],
          "duration": 12,
          "failureDetails": [],
          "failureMessages": [],
          "fullName": "Validação de Refeição Deve validar dados de refeição corretos",
          "invocations": 1,
          "location": null,
          "numPassingAsserts": 7,
          "retryReasons": [],
          "status": "passed",
          "title": "Deve validar dados de refeição corretos"
        },
        {
          "ancestorTitles": [
            "Validação de Refeição"
          ],
          "duration": 2,
          "failureDetails": [],
          "failureMessages": [],
          "fullName": "Validação de Refeição Deve rejeitar nome vazio",
          "invocations": 1,
          "location": null,
          "numPassingAsserts": 2,
          "retryReasons": [],
          "status": "passed",
          "title": "Deve rejeitar nome vazio"
        },
        {
          "ancestorTitles": [
            "Validação de Refeição"
          ],
          "duration": 1,
          "failureDetails": [],
          "failureMessages": [],
          "fullName": "Validação de Refeição Deve rejeitar descrição vazia",
          "invocations": 1,
          "location": null,
          "numPassingAsserts": 2,
          "retryReasons": [],
          "status": "passed",
          "title": "Deve rejeitar descrição vazia"
        },
        {
          "ancestorTitles": [
            "Validação de Refeição"
          ],
          "duration": 1,
          "failureDetails": [],
          "failureMessages": [],
          "fullName": "Validação de Refeição Deve rejeitar data inválida",
          "invocations": 1,
          "location": null,
          "numPassingAsserts": 1,
          "retryReasons": [],
          "status": "passed",
          "title": "Deve rejeitar data inválida"
        },
        {
          "ancestorTitles": [
            "Validação de Refeição"
          ],
          "duration": 1,
          "failureDetails": [],
          "failureMessages": [],
          "fullName": "Validação de Refeição Deve rejeitar calorias negativas",
          "invocations": 1,
          "location": null,
          "numPassingAsserts": 1,
          "retryReasons": [],
          "status": "passed",
          "title": "Deve rejeitar calorias negativas"
        }
      ],
      "failureMessage": null
    },
    {
      "leaks": false,
      "numFailingTests": 0,
      "numPassingTests": 5,
      "numPendingTests": 0,
      "numTodoTests": 0,
      "openHandles": [],
      "perfStats": {
        "end": 1746851211876,
        "runtime": 1729,
        "slow": false,
        "start": 1746851210147
      },
      "skipped": false,
      "snapshot": {
        "added": 0,
        "fileDeleted": false,
        "matched": 0,
        "unchecked": 0,
        "uncheckedKeys": [],
        "unmatched": 0,
        "updated": 0
      },
      "testFilePath": "E:\\DailyDiet3\\daily-diet-api\\src\\__tests__\\unit\\user-validation.spec.ts",
      "testResults": [
        {
          "ancestorTitles": [
            "Validação de Usuário"
          ],
          "duration": 14,
          "failureDetails": [],
          "failureMessages": [],
          "fullName": "Validação de Usuário Deve validar dados de usuário corretos",
          "invocations": 1,
          "location": null,
          "numPassingAsserts": 2,
          "retryReasons": [],
          "status": "passed",
          "title": "Deve validar dados de usuário corretos"
        },
        {
          "ancestorTitles": [
            "Validação de Usuário"
          ],
          "duration": 1,
          "failureDetails": [],
          "failureMessages": [],
          "fullName": "Validação de Usuário Deve rejeitar email inválido",
          "invocations": 1,
          "location": null,
          "numPassingAsserts": 2,
          "retryReasons": [],
          "status": "passed",
          "title": "Deve rejeitar email inválido"
        },
        {
          "ancestorTitles": [
            "Validação de Usuário"
          ],
          "duration": 1,
          "failureDetails": [],
          "failureMessages": [],
          "fullName": "Validação de Usuário Deve rejeitar senha muito curta",
          "invocations": 1,
          "location": null,
          "numPassingAsserts": 2,
          "retryReasons": [],
          "status": "passed",
          "title": "Deve rejeitar senha muito curta"
        },
        {
          "ancestorTitles": [
            "Validação de Usuário"
          ],
          "duration": 1,
          "failureDetails": [],
          "failureMessages": [],
          "fullName": "Validação de Usuário Deve rejeitar nome vazio",
          "invocations": 1,
          "location": null,
          "numPassingAsserts": 2,
          "retryReasons": [],
          "status": "passed",
          "title": "Deve rejeitar nome vazio"
        },
        {
          "ancestorTitles": [
            "Validação de Usuário"
          ],
          "duration": 1,
          "failureDetails": [],
          "failureMessages": [],
          "fullName": "Validação de Usuário Deve rejeitar valor inválido no campo goal",
          "invocations": 1,
          "location": null,
          "numPassingAsserts": 1,
          "retryReasons": [],
          "status": "passed",
          "title": "Deve rejeitar valor inválido no campo goal"
        }
      ],
      "failureMessage": null
    }
  ],
  "wasInterrupted": false
}