TN:
SF:src\app.ts
FN:19,(anonymous_1)
FN:34,(anonymous_2)
FNF:2
FNH:0
FNDA:0,(anonymous_1)
FNDA:0,(anonymous_2)
DA:1,0
DA:2,0
DA:4,0
DA:5,0
DA:6,0
DA:8,0
DA:11,0
DA:16,0
DA:19,0
DA:21,0
DA:23,0
DA:24,0
DA:28,0
DA:29,0
DA:30,0
DA:34,0
DA:35,0
DA:37,0
DA:38,0
DA:42,0
DA:43,0
DA:44,0
DA:47,0
DA:51,0
DA:55,0
LF:25
LH:0
BRDA:11,0,0,0
BRDA:11,0,1,0
BRDA:21,1,0,0
BRDA:21,1,1,0
BRDA:35,2,0,0
BRDA:35,2,1,0
BRF:6
BRH:0
end_of_record
TN:
SF:src\database.ts
FNF:0
FNH:0
DA:1,0
DA:2,0
DA:4,0
DA:19,0
LF:4
LH:0
BRDA:7,0,0,0
BRDA:7,0,1,0
BRF:2
BRH:0
end_of_record
TN:
SF:src\server.ts
FN:4,(anonymous_0)
FNF:1
FNH:0
FNDA:0,(anonymous_0)
DA:1,0
DA:2,0
DA:4,0
DA:5,0
LF:4
LH:0
BRF:0
BRH:0
end_of_record
TN:
SF:src\middlewares\check-session-id-exists.ts
FN:3,checkSessionIdSession
FNF:1
FNH:0
FNDA:0,checkSessionIdSession
DA:3,0
DA:7,0
DA:9,0
DA:10,0
LF:4
LH:0
BRDA:9,0,0,0
BRF:1
BRH:0
end_of_record
TN:
SF:src\routes\meal-modifications-routes.ts
FN:6,mealModificationsRoutes
FN:7,(anonymous_1)
FN:30,(anonymous_2)
FNF:3
FNH:0
FNDA:0,mealModificationsRoutes
FNDA:0,(anonymous_1)
FNDA:0,(anonymous_2)
DA:2,0
DA:3,0
DA:4,0
DA:6,0
DA:7,0
DA:8,0
DA:10,0
DA:11,0
DA:14,0
DA:18,0
DA:19,0
DA:22,0
DA:27,0
DA:30,0
DA:31,0
DA:33,0
DA:34,0
DA:37,0
DA:41,0
DA:42,0
DA:45,0
DA:59,0
DA:61,0
DA:69,0
LF:24
LH:0
BRDA:10,0,0,0
BRDA:18,1,0,0
BRDA:33,2,0,0
BRDA:41,3,0,0
BRF:4
BRH:0
end_of_record
TN:
SF:src\routes\meals-routes.ts
FN:8,mealsRoutes
FN:14,(anonymous_1)
FN:70,(anonymous_2)
FN:98,(anonymous_3)
FN:130,(anonymous_4)
FN:146,(anonymous_5)
FN:169,(anonymous_6)
FN:171,(anonymous_7)
FN:190,(anonymous_8)
FN:234,(anonymous_9)
FN:309,(anonymous_10)
FNF:11
FNH:0
FNDA:0,mealsRoutes
FNDA:0,(anonymous_1)
FNDA:0,(anonymous_2)
FNDA:0,(anonymous_3)
FNDA:0,(anonymous_4)
FNDA:0,(anonymous_5)
FNDA:0,(anonymous_6)
FNDA:0,(anonymous_7)
FNDA:0,(anonymous_8)
FNDA:0,(anonymous_9)
FNDA:0,(anonymous_10)
DA:1,0
DA:2,0
DA:5,0
DA:6,0
DA:8,0
DA:9,0
DA:15,0
DA:24,0
DA:26,0
DA:27,0
DA:33,0
DA:35,0
DA:37,0
DA:42,0
DA:43,0
DA:48,0
DA:61,0
DA:65,0
DA:71,0
DA:73,0
DA:78,0
DA:79,0
DA:84,0
DA:89,0
DA:93,0
DA:99,0
DA:101,0
DA:106,0
DA:107,0
DA:112,0
DA:118,0
DA:119,0
DA:121,0
DA:122,0
DA:123,0
DA:124,0
DA:126,0
DA:130,0
DA:132,0
DA:141,0
DA:147,0
DA:149,0
DA:154,0
DA:155,0
DA:160,0
DA:161,0
DA:163,0
DA:169,0
DA:170,0
DA:171,0
DA:175,0
DA:185,0
DA:191,0
DA:195,0
DA:197,0
DA:198,0
DA:203,0
DA:204,0
DA:206,0
DA:211,0
DA:212,0
DA:217,0
DA:219,0
DA:220,0
DA:225,0
DA:229,0
DA:235,0
DA:239,0
DA:248,0
DA:249,0
DA:251,0
DA:252,0
DA:257,0
DA:258,0
DA:263,0
DA:264,0
DA:266,0
DA:268,0
DA:273,0
DA:274,0
DA:279,0
DA:281,0
DA:282,0
DA:287,0
DA:300,0
DA:304,0
DA:310,0
DA:314,0
DA:316,0
DA:317,0
DA:322,0
DA:323,0
DA:325,0
DA:330,0
DA:331,0
DA:336,0
DA:338,0
DA:339,0
DA:344,0
DA:346,0
LF:100
LH:0
BRDA:26,0,0,0
BRDA:42,1,0,0
BRDA:78,2,0,0
BRDA:106,3,0,0
BRDA:122,4,0,0
BRDA:122,4,1,0
BRDA:154,5,0,0
BRDA:171,6,0,0
BRDA:171,6,1,0
BRDA:197,7,0,0
BRDA:211,8,0,0
BRDA:219,9,0,0
BRDA:251,10,0,0
BRDA:257,11,0,0
BRDA:273,12,0,0
BRDA:281,13,0,0
BRDA:316,14,0,0
BRDA:330,15,0,0
BRDA:338,16,0,0
BRF:19
BRH:0
end_of_record
TN:
SF:src\routes\users-routes.ts
FN:9,usersRoutes
FN:11,(anonymous_2)
FN:24,(anonymous_3)
FN:99,(anonymous_4)
FN:152,(anonymous_5)
FN:182,(anonymous_6)
FN:238,(anonymous_7)
FN:253,(anonymous_8)
FNF:8
FNH:0
FNDA:0,usersRoutes
FNDA:0,(anonymous_2)
FNDA:0,(anonymous_3)
FNDA:0,(anonymous_4)
FNDA:0,(anonymous_5)
FNDA:0,(anonymous_6)
FNDA:0,(anonymous_7)
FNDA:0,(anonymous_8)
DA:1,0
DA:2,0
DA:4,0
DA:6,0
DA:7,0
DA:9,0
DA:11,0
DA:12,0
DA:13,0
DA:14,0
DA:19,0
DA:20,0
DA:24,0
DA:25,0
DA:36,0
DA:38,0
DA:39,0
DA:53,0
DA:56,0
DA:58,0
DA:59,0
DA:64,0
DA:66,0
DA:67,0
DA:68,0
DA:78,0
DA:80,0
DA:96,0
DA:99,0
DA:100,0
DA:105,0
DA:107,0
DA:108,0
DA:113,0
DA:115,0
DA:117,0
DA:118,0
DA:123,0
DA:125,0
DA:126,0
DA:131,0
DA:133,0
DA:134,0
DA:135,0
DA:144,0
DA:146,0
DA:149,0
DA:153,0
DA:155,0
DA:169,0
DA:170,0
DA:175,0
DA:179,0
DA:183,0
DA:194,0
DA:196,0
DA:197,0
DA:202,0
DA:205,0
DA:209,0
DA:210,0
DA:216,0
DA:218,0
DA:231,0
DA:235,0
DA:239,0
DA:241,0
DA:243,0
DA:249,0
DA:253,0
DA:254,0
DA:256,0
DA:258,0
DA:263,0
DA:271,0
LF:75
LH:0
BRDA:38,0,0,0
BRDA:58,1,0,0
BRDA:66,2,0,0
BRDA:107,3,0,0
BRDA:117,4,0,0
BRDA:125,5,0,0
BRDA:133,6,0,0
BRDA:169,7,0,0
BRDA:196,8,0,0
BRDA:209,9,0,0
BRDA:256,10,0,0
BRF:11
BRH:0
end_of_record
